<?xml version="1.0" encoding="UTF-8"?>
<!-- Generated by org.testng.reporters.JUnitReportReporter -->
<testsuite hostname="BaBa-Rasheed" failures="0" tests="1" name="sampleTest.testAPI1" time="2.939" errors="0" timestamp="2022-07-19T17:51:04 PKT" skipped="0">
  <testcase classname="sampleTest.testAPI1" name="postAPI" time="2.939"/>
  <system-out/>
</testsuite> <!-- sampleTest.testAPI1 -->
