<?xml version="1.0" encoding="UTF-8"?>
<!-- Generated by org.testng.reporters.JUnitReportReporter -->
<testsuite hostname="BaBa-Rasheed" failures="0" tests="1" name="tGAutomation.tesT2" time="0.237" errors="0" timestamp="2022-07-19T20:04:41 PKT" skipped="0">
  <testcase classname="tGAutomation.tesT2" name="ReCarCheckBox" time="0.237"/>
  <system-out/>
</testsuite> <!-- tGAutomation.tesT2 -->
