<?xml version="1.0" encoding="UTF-8"?>
<!-- Generated by org.testng.reporters.JUnitReportReporter -->
<testsuite hostname="BaBa-Rasheed" failures="0" tests="1" name="sampleTest.restAPI" time="3.333" errors="0" timestamp="2022-07-19T20:04:41 PKT" skipped="0">
  <testcase classname="sampleTest.restAPI" name="getApi" time="3.333"/>
  <system-out/>
</testsuite> <!-- sampleTest.restAPI -->
