<?xml version="1.0" encoding="UTF-8"?>
<!-- Generated by org.testng.reporters.JUnitReportReporter -->
<testsuite hostname="BaBa-Rasheed" failures="0" tests="1" name="tGAutomation.tesT1" time="1.865" errors="0" timestamp="2022-07-19T20:04:41 PKT" skipped="0">
  <testcase classname="tGAutomation.tesT1" name="getQuotation" time="1.865"/>
  <system-out/>
</testsuite> <!-- tGAutomation.tesT1 -->
